<?xml version="1.0" encoding="UTF-8"?>
<testng-results ignored="0" total="2" passed="2" failed="0" skipped="0">
  <reporter-output>
  </reporter-output>
  <suite started-at="2025-03-13T12:37:35 IST" name="Default suite" finished-at="2025-03-13T12:37:45 IST" duration-ms="9591">
    <groups>
    </groups>
    <test started-at="2025-03-13T12:37:35 IST" name="Default test" finished-at="2025-03-13T12:37:45 IST" duration-ms="9591">
      <class name="test.RunTest">
        <test-method is-config="true" signature="setUp()[pri:0, instance:test.RunTest@5876a9af]" started-at="2025-03-13T12:37:35 IST" name="setUp" finished-at="2025-03-13T12:37:38 IST" duration-ms="2509" status="PASS">
          <reporter-output>
          </reporter-output>
        </test-method> <!-- setUp -->
        <test-method signature="login()[pri:1, instance:test.RunTest@5876a9af]" started-at="2025-03-13T12:37:38 IST" name="login" finished-at="2025-03-13T12:37:40 IST" duration-ms="2570" status="PASS">
          <reporter-output>
          </reporter-output>
        </test-method> <!-- login -->
        <test-method signature="upsell()[pri:2, instance:test.RunTest@5876a9af]" started-at="2025-03-13T12:37:40 IST" name="upsell" finished-at="2025-03-13T12:37:45 IST" duration-ms="4469" status="PASS">
          <reporter-output>
          </reporter-output>
        </test-method> <!-- upsell -->
        <test-method is-config="true" signature="tearDown()[pri:0, instance:test.RunTest@5876a9af]" started-at="2025-03-13T12:37:45 IST" name="tearDown" finished-at="2025-03-13T12:37:45 IST" duration-ms="1" status="PASS">
          <reporter-output>
          </reporter-output>
        </test-method> <!-- tearDown -->
      </class> <!-- test.RunTest -->
    </test> <!-- Default test -->
  </suite> <!-- Default suite -->
</testng-results>
