<?xml version="1.0" encoding="UTF-8"?>
<testng-results ignored="0" total="1" passed="1" failed="0" skipped="0">
  <reporter-output>
  </reporter-output>
  <suite started-at="2025-03-06T19:20:03 IST" name="Default suite" finished-at="2025-03-06T19:20:06 IST" duration-ms="3124">
    <groups>
    </groups>
    <test started-at="2025-03-06T19:20:03 IST" name="Default test" finished-at="2025-03-06T19:20:06 IST" duration-ms="3124">
      <class name="test.RunTest">
        <test-method is-config="true" signature="setUp()[pri:0, instance:test.RunTest@12468a38]" started-at="2025-03-06T19:20:03 IST" name="setUp" finished-at="2025-03-06T19:20:05 IST" duration-ms="2183" status="PASS">
          <reporter-output>
          </reporter-output>
        </test-method> <!-- setUp -->
        <test-method signature="login()[pri:0, instance:test.RunTest@12468a38]" started-at="2025-03-06T19:20:05 IST" name="login" finished-at="2025-03-06T19:20:06 IST" duration-ms="897" status="PASS">
          <reporter-output>
          </reporter-output>
        </test-method> <!-- login -->
      </class> <!-- test.RunTest -->
    </test> <!-- Default test -->
  </suite> <!-- Default suite -->
</testng-results>
